<?xml version="1.0" encoding="UTF-8"?>
<!-- Generated by org.testng.reporters.JUnitReportReporter -->
<testsuite hostname="DESKTOP-NGSV0CD" failures="0" tests="1" name="ParametersMasters.ColorTC" time="18.074" errors="0" timestamp="2023-02-23T11:41:31 IST" skipped="0">
  <testcase classname="ParametersMasters.ColorTC" name="ValidateColor" time="18.074"/>
  <system-out/>
</testsuite> <!-- ParametersMasters.ColorTC -->
