<?xml version="1.0" encoding="UTF-8"?>
<!-- Generated by org.testng.reporters.JUnitReportReporter -->
<testsuite hostname="DESKTOP-NGSV0CD" failures="0" tests="1" name="ParametersMasters.ColorTC" time="16.644" errors="0" timestamp="2023-02-16T18:10:39 IST" skipped="0">
  <testcase classname="ParametersMasters.ColorTC" name="ValidateColor" time="16.644"/>
  <system-out/>
</testsuite> <!-- ParametersMasters.ColorTC -->
