<?xml version="1.0" encoding="UTF-8"?>
<!-- Generated by org.testng.reporters.JUnitReportReporter -->
<testsuite hostname="DESKTOP-NGSV0CD" failures="0" tests="1" name="ParametersMasters.LabTC" time="16.385" errors="0" timestamp="2023-02-23T13:04:00 IST" skipped="0">
  <testcase classname="ParametersMasters.LabTC" name="ValidateLab" time="16.385"/>
  <system-out/>
</testsuite> <!-- ParametersMasters.LabTC -->
