<?xml version="1.0" encoding="UTF-8"?>
<!-- Generated by org.testng.reporters.JUnitReportReporter -->
<testsuite hostname="DESKTOP-NGSV0CD" failures="0" tests="1" name="ParametersMasters.SymmTC" time="16.330" errors="0" timestamp="2023-02-23T12:39:53 IST" skipped="0">
  <testcase classname="ParametersMasters.SymmTC" name="ValidatePolish" time="16.330"/>
  <system-out/>
</testsuite> <!-- ParametersMasters.SymmTC -->
