<?xml version="1.0" encoding="UTF-8"?>
<!-- Generated by org.testng.reporters.JUnitReportReporter -->
<testsuite hostname="DESKTOP-NGSV0CD" failures="0" tests="1" name="ParametersMasters.CuletTC" time="16.431" errors="0" timestamp="2023-02-23T12:57:34 IST" skipped="0">
  <testcase classname="ParametersMasters.CuletTC" name="ValidateCulet" time="16.431"/>
  <system-out/>
</testsuite> <!-- ParametersMasters.CuletTC -->
