<?xml version="1.0" encoding="UTF-8"?>
<!-- Generated by org.testng.reporters.JUnitReportReporter -->
<testsuite hostname="DESKTOP-NGSV0CD" failures="0" tests="1" name="ParametersMasters.PointerTC" time="15.341" errors="0" timestamp="2023-02-16T16:41:33 IST" skipped="0">
  <testcase classname="ParametersMasters.PointerTC" name="Pointer" time="15.341"/>
  <system-out/>
</testsuite> <!-- ParametersMasters.PointerTC -->
