<?xml version="1.0" encoding="UTF-8"?>
<!-- Generated by org.testng.reporters.JUnitReportReporter -->
<testsuite hostname="DESKTOP-NGSV0CD" failures="0" tests="1" name="ParametersMasters.GirdleTC" time="16.964" errors="0" timestamp="2023-02-23T14:34:10 IST" skipped="0">
  <testcase classname="ParametersMasters.GirdleTC" name="ValidateGirdle" time="16.964"/>
  <system-out/>
</testsuite> <!-- ParametersMasters.GirdleTC -->
