<?xml version="1.0" encoding="UTF-8"?>
<!-- Generated by org.testng.reporters.JUnitReportReporter -->
<testsuite hostname="DESKTOP-NGSV0CD" failures="0" tests="1" name="Masters.DesignationTC" time="17.966" errors="0" timestamp="2023-02-15T18:01:14 IST" skipped="0">
  <testcase classname="Masters.DesignationTC" name="DesignationObjects" time="17.966"/>
  <system-out/>
</testsuite> <!-- Masters.DesignationTC -->
