<?xml version="1.0" encoding="UTF-8"?>
<!-- Generated by org.testng.reporters.JUnitReportReporter -->
<testsuite hostname="DESKTOP-NGSV0CD" failures="0" tests="1" name="ParametersMasters.PolishTC" time="16.248" errors="0" timestamp="2023-02-23T12:30:24 IST" skipped="0">
  <testcase classname="ParametersMasters.PolishTC" name="ValidatePolish" time="16.248"/>
  <system-out/>
</testsuite> <!-- ParametersMasters.PolishTC -->
