<?xml version="1.0" encoding="UTF-8"?>
<!-- Generated by org.testng.reporters.JUnitReportReporter -->
<testsuite hostname="DESKTOP-NGSV0CD" failures="0" tests="1" name="ParametersMasters.CutTC" time="18.089" errors="0" timestamp="2023-02-23T11:56:29 IST" skipped="0">
  <testcase classname="ParametersMasters.CutTC" name="ValidateCut" time="18.089"/>
  <system-out/>
</testsuite> <!-- ParametersMasters.CutTC -->
