<?xml version="1.0" encoding="UTF-8"?>
<!-- Generated by org.testng.reporters.JUnitReportReporter -->
<testsuite hostname="DESKTOP-NGSV0CD" failures="0" tests="1" name="ParametersMasters.ClarityTC" time="18.291" errors="0" timestamp="2023-02-23T11:50:06 IST" skipped="0">
  <testcase classname="ParametersMasters.ClarityTC" name="ValidateClarity" time="18.291"/>
  <system-out/>
</testsuite> <!-- ParametersMasters.ClarityTC -->
