<?xml version="1.0" encoding="UTF-8"?>
<!-- Generated by org.testng.reporters.JUnitReportReporter -->
<testsuite hostname="DESKTOP-NGSV0CD" failures="0" tests="1" name="ParametersMasters.FlourTC" time="16.614" errors="0" timestamp="2023-02-23T12:48:12 IST" skipped="0">
  <testcase classname="ParametersMasters.FlourTC" name="ValidateFlour" time="16.614"/>
  <system-out/>
</testsuite> <!-- ParametersMasters.FlourTC -->
