<?xml version="1.0" encoding="UTF-8"?>
<!-- Generated by org.testng.reporters.JUnitReportReporter -->
<testsuite hostname="DESKTOP-NGSV0CD" failures="0" tests="1" name="ParametersMasters.ShapeTC" time="17.519" errors="0" timestamp="2023-02-15T18:26:31 IST" skipped="0">
  <testcase classname="ParametersMasters.ShapeTC" name="f" time="17.519"/>
  <system-out/>
</testsuite> <!-- ParametersMasters.ShapeTC -->
