<?xml version="1.0" encoding="UTF-8"?>
<!-- Generated by org.testng.reporters.JUnitReportReporter -->
<testsuite hostname="DESKTOP-NGSV0CD" failures="0" tests="1" name="LoginTestcase.LoginTC" time="9.094" errors="0" timestamp="2023-02-15T17:32:01 IST" skipped="0">
  <testcase classname="LoginTestcase.LoginTC" name="loginpage" time="9.094"/>
  <system-out/>
</testsuite> <!-- LoginTestcase.LoginTC -->
